DEBUG:urllib3.connectionpool:Starting new HTTPS connection (1): www.moneycontrol.com:443
DEBUG:urllib3.connectionpool:https://www.moneycontrol.com:443 "GET /india/stockpricequote/computers-software/tataconsultancyservices/TCS HTTP/1.1" 200 104815
DEBUG:urllib3.connectionpool:Starting new HTTPS connection (1): www.moneycontrol.com:443
DEBUG:urllib3.connectionpool:https://www.moneycontrol.com:443 "GET /india/stockpricequote/computers-software/tataconsultancyservices/TCS HTTP/1.1" 200 104815
DEBUG:urllib3.connectionpool:Starting new HTTPS connection (1): www.moneycontrol.com:443
DEBUG:urllib3.connectionpool:https://www.moneycontrol.com:443 "GET /india/stockpricequote/computers-software/tataconsultancyservices/TCS HTTP/1.1" 200 104763
DEBUG:urllib3.connectionpool:Starting new HTTPS connection (1): www.moneycontrol.com:443
DEBUG:urllib3.connectionpool:https://www.moneycontrol.com:443 "GET /india/stockpricequote/computers-software/tataconsultancyservices/TCS HTTP/1.1" 200 104763
DEBUG:urllib3.connectionpool:Starting new HTTPS connection (1): www.moneycontrol.com:443
DEBUG:urllib3.connectionpool:https://www.moneycontrol.com:443 "GET /india/stockpricequote/computers-software/tataconsultancyservices/TCS HTTP/1.1" 200 104815
DEBUG:urllib3.connectionpool:Starting new HTTPS connection (1): www.moneycontrol.com:443
DEBUG:urllib3.connectionpool:https://www.moneycontrol.com:443 "GET /india/stockpricequote/computers-software/tataconsultancyservices/TCS HTTP/1.1" 200 104815
DEBUG:urllib3.connectionpool:Starting new HTTPS connection (1): www.moneycontrol.com:443
DEBUG:urllib3.connectionpool:https://www.moneycontrol.com:443 "GET /india/stockpricequote/computers-software/tataconsultancyservices/TCS HTTP/1.1" 200 104815
DEBUG:urllib3.connectionpool:Starting new HTTPS connection (1): www.moneycontrol.com:443
DEBUG:urllib3.connectionpool:https://www.moneycontrol.com:443 "GET /india/stockpricequote/computers-software/tataconsultancyservices/TCS HTTP/1.1" 200 104815
DEBUG:urllib3.connectionpool:Starting new HTTPS connection (1): www.moneycontrol.com:443
DEBUG:urllib3.connectionpool:https://www.moneycontrol.com:443 "GET /india/stockpricequote/computers-software/tataconsultancyservices/TCS HTTP/1.1" 200 104815
DEBUG:urllib3.connectionpool:Starting new HTTPS connection (1): www.moneycontrol.com:443
DEBUG:urllib3.connectionpool:https://www.moneycontrol.com:443 "GET /india/stockpricequote/computers-software/tataconsultancyservices/TCS HTTP/1.1" 200 104763
DEBUG:urllib3.connectionpool:Starting new HTTPS connection (1): www.moneycontrol.com:443
DEBUG:urllib3.connectionpool:https://www.moneycontrol.com:443 "GET /india/stockpricequote/computers-software/tataconsultancyservices/TCS HTTP/1.1" 200 104763
DEBUG:urllib3.connectionpool:Starting new HTTPS connection (1): www.moneycontrol.com:443
DEBUG:urllib3.connectionpool:https://www.moneycontrol.com:443 "GET /india/stockpricequote/computers-software/tataconsultancyservices/TCS HTTP/1.1" 200 104940
DEBUG:urllib3.connectionpool:Starting new HTTPS connection (1): www.moneycontrol.com:443
DEBUG:urllib3.connectionpool:https://www.moneycontrol.com:443 "GET /india/stockpricequote/computers-software/tataconsultancyservices/TCS HTTP/1.1" 200 104940
DEBUG:urllib3.connectionpool:Starting new HTTPS connection (1): www.moneycontrol.com:443
DEBUG:urllib3.connectionpool:https://www.moneycontrol.com:443 "GET /india/stockpricequote/computers-software/tataconsultancyservices/TCS HTTP/1.1" 200 88879
DEBUG:urllib3.connectionpool:Starting new HTTPS connection (1): www.moneycontrol.com:443
DEBUG:urllib3.connectionpool:https://www.moneycontrol.com:443 "GET /india/stockpricequote/computers-software/tataconsultancyservices/TCS HTTP/1.1" 200 105146
DEBUG:urllib3.connectionpool:Starting new HTTPS connection (1): www.moneycontrol.com:443
DEBUG:urllib3.connectionpool:https://www.moneycontrol.com:443 "GET /india/stockpricequote/computers-software/tataconsultancyservices/TCS HTTP/1.1" 200 105146
DEBUG:urllib3.connectionpool:Starting new HTTPS connection (1): www.moneycontrol.com:443
DEBUG:urllib3.connectionpool:https://www.moneycontrol.com:443 "GET /india/stockpricequote/computers-software/tataconsultancyservices/TCS HTTP/1.1" 200 105146
DEBUG:urllib3.connectionpool:Starting new HTTPS connection (1): www.moneycontrol.com:443
DEBUG:urllib3.connectionpool:https://www.moneycontrol.com:443 "GET /india/stockpricequote/computers-software/tataconsultancyservices/TCS HTTP/1.1" 200 105146
DEBUG:urllib3.connectionpool:Starting new HTTPS connection (1): www.moneycontrol.com:443
DEBUG:urllib3.connectionpool:https://www.moneycontrol.com:443 "GET /india/stockpricequote/computers-software/tataconsultancyservices/TCS HTTP/1.1" 200 105146
DEBUG:urllib3.connectionpool:Starting new HTTPS connection (1): www.moneycontrol.com:443
DEBUG:urllib3.connectionpool:https://www.moneycontrol.com:443 "GET /india/stockpricequote/computers-software/tataconsultancyservices/TCS HTTP/1.1" 200 105146
DEBUG:urllib3.connectionpool:Starting new HTTPS connection (1): www.moneycontrol.com:443
DEBUG:urllib3.connectionpool:https://www.moneycontrol.com:443 "GET /india/stockpricequote/computers-software/tataconsultancyservices/TCS HTTP/1.1" 200 105146
DEBUG:urllib3.connectionpool:Starting new HTTPS connection (1): www.moneycontrol.com:443
DEBUG:urllib3.connectionpool:https://www.moneycontrol.com:443 "GET /india/stockpricequote/computers-software/tataconsultancyservices/TCS HTTP/1.1" 200 105146
DEBUG:urllib3.connectionpool:Starting new HTTPS connection (1): www.moneycontrol.com:443
DEBUG:urllib3.connectionpool:https://www.moneycontrol.com:443 "GET /india/stockpricequote/computers-software/tataconsultancyservices/TCS HTTP/1.1" 200 105146
DEBUG:urllib3.connectionpool:Starting new HTTPS connection (1): www.moneycontrol.com:443
DEBUG:urllib3.connectionpool:https://www.moneycontrol.com:443 "GET /india/stockpricequote/computers-software/tataconsultancyservices/TCS HTTP/1.1" 200 105146
DEBUG:urllib3.connectionpool:Starting new HTTPS connection (1): www.moneycontrol.com:443
DEBUG:urllib3.connectionpool:https://www.moneycontrol.com:443 "GET /india/stockpricequote/computers-software/tataconsultancyservices/TCS HTTP/1.1" 200 105146
DEBUG:urllib3.connectionpool:Starting new HTTPS connection (1): www.moneycontrol.com:443
DEBUG:urllib3.connectionpool:https://www.moneycontrol.com:443 "GET /india/stockpricequote/computers-software/tataconsultancyservices/TCS HTTP/1.1" 200 105146
DEBUG:urllib3.connectionpool:Starting new HTTPS connection (1): www.moneycontrol.com:443
DEBUG:urllib3.connectionpool:https://www.moneycontrol.com:443 "GET /india/stockpricequote/computers-software/tataconsultancyservices/TCS HTTP/1.1" 200 105146
DEBUG:urllib3.connectionpool:Starting new HTTPS connection (1): www.moneycontrol.com:443
DEBUG:urllib3.connectionpool:https://www.moneycontrol.com:443 "GET /india/stockpricequote/computers-software/tataconsultancyservices/TCS HTTP/1.1" 200 105168
DEBUG:urllib3.connectionpool:Starting new HTTPS connection (1): www.moneycontrol.com:443
DEBUG:urllib3.connectionpool:https://www.moneycontrol.com:443 "GET /india/stockpricequote/computers-software/tataconsultancyservices/TCS HTTP/1.1" 200 105168
DEBUG:urllib3.connectionpool:Starting new HTTPS connection (1): www.moneycontrol.com:443
DEBUG:urllib3.connectionpool:https://www.moneycontrol.com:443 "GET /india/stockpricequote/computers-software/tataconsultancyservices/TCS HTTP/1.1" 200 105183
DEBUG:urllib3.connectionpool:Starting new HTTPS connection (1): www.moneycontrol.com:443
DEBUG:urllib3.connectionpool:https://www.moneycontrol.com:443 "GET /india/stockpricequote/computers-software/tataconsultancyservices/TCS HTTP/1.1" 200 105183
DEBUG:urllib3.connectionpool:Starting new HTTPS connection (1): www.moneycontrol.com:443
DEBUG:urllib3.connectionpool:https://www.moneycontrol.com:443 "GET /india/stockpricequote/computers-software/tataconsultancyservices/TCS HTTP/1.1" 200 105183
DEBUG:urllib3.connectionpool:Starting new HTTPS connection (1): www.moneycontrol.com:443
DEBUG:urllib3.connectionpool:https://www.moneycontrol.com:443 "GET /india/stockpricequote/computers-software/tataconsultancyservices/TCS HTTP/1.1" 200 105183
DEBUG:urllib3.connectionpool:Starting new HTTPS connection (1): www.moneycontrol.com:443
DEBUG:urllib3.connectionpool:https://www.moneycontrol.com:443 "GET /india/stockpricequote/computers-software/tataconsultancyservices/TCS HTTP/1.1" 200 105183
DEBUG:urllib3.connectionpool:Starting new HTTPS connection (1): www.moneycontrol.com:443
DEBUG:urllib3.connectionpool:https://www.moneycontrol.com:443 "GET /india/stockpricequote/computers-software/tataconsultancyservices/TCS HTTP/1.1" 200 105183
DEBUG:urllib3.connectionpool:Starting new HTTPS connection (1): www.moneycontrol.com:443
DEBUG:urllib3.connectionpool:https://www.moneycontrol.com:443 "GET /india/stockpricequote/computers-software/tataconsultancyservices/TCS HTTP/1.1" 200 105183
DEBUG:urllib3.connectionpool:Starting new HTTPS connection (1): www.moneycontrol.com:443
DEBUG:urllib3.connectionpool:https://www.moneycontrol.com:443 "GET /india/stockpricequote/computers-software/tataconsultancyservices/TCS HTTP/1.1" 200 105183
DEBUG:urllib3.connectionpool:Starting new HTTPS connection (1): www.moneycontrol.com:443
DEBUG:urllib3.connectionpool:https://www.moneycontrol.com:443 "GET /india/stockpricequote/computers-software/tataconsultancyservices/TCS HTTP/1.1" 200 105183
DEBUG:urllib3.connectionpool:Starting new HTTPS connection (1): www.moneycontrol.com:443
DEBUG:urllib3.connectionpool:https://www.moneycontrol.com:443 "GET /india/stockpricequote/computers-software/tataconsultancyservices/TCS HTTP/1.1" 200 105183
DEBUG:urllib3.connectionpool:Starting new HTTPS connection (1): www.moneycontrol.com:443
DEBUG:urllib3.connectionpool:https://www.moneycontrol.com:443 "GET /india/stockpricequote/computers-software/tataconsultancyservices/TCS HTTP/1.1" 200 105183
DEBUG:urllib3.connectionpool:Starting new HTTPS connection (1): www.moneycontrol.com:443
DEBUG:urllib3.connectionpool:https://www.moneycontrol.com:443 "GET /india/stockpricequote/computers-software/tataconsultancyservices/TCS HTTP/1.1" 200 105183
DEBUG:urllib3.connectionpool:Starting new HTTPS connection (1): www.moneycontrol.com:443
DEBUG:urllib3.connectionpool:https://www.moneycontrol.com:443 "GET /india/stockpricequote/computers-software/tataconsultancyservices/TCS HTTP/1.1" 200 105183
DEBUG:urllib3.connectionpool:Starting new HTTPS connection (1): www.moneycontrol.com:443
DEBUG:urllib3.connectionpool:https://www.moneycontrol.com:443 "GET /india/stockpricequote/computers-software/tataconsultancyservices/TCS HTTP/1.1" 200 105183
DEBUG:urllib3.connectionpool:Starting new HTTPS connection (1): www.moneycontrol.com:443
DEBUG:urllib3.connectionpool:https://www.moneycontrol.com:443 "GET /india/stockpricequote/computers-software/tataconsultancyservices/TCS HTTP/1.1" 200 105183
DEBUG:urllib3.connectionpool:Starting new HTTPS connection (1): www.moneycontrol.com:443
DEBUG:urllib3.connectionpool:https://www.moneycontrol.com:443 "GET /india/stockpricequote/computers-software/tataconsultancyservices/TCS HTTP/1.1" 200 105183
DEBUG:urllib3.connectionpool:Starting new HTTPS connection (1): www.moneycontrol.com:443
DEBUG:urllib3.connectionpool:https://www.moneycontrol.com:443 "GET /india/stockpricequote/computers-software/tataconsultancyservices/TCS HTTP/1.1" 200 105183
DEBUG:urllib3.connectionpool:Starting new HTTPS connection (1): www.moneycontrol.com:443
DEBUG:urllib3.connectionpool:https://www.moneycontrol.com:443 "GET /india/stockpricequote/computers-software/tataconsultancyservices/TCS HTTP/1.1" 200 105183
DEBUG:urllib3.connectionpool:Starting new HTTPS connection (1): www.moneycontrol.com:443
DEBUG:urllib3.connectionpool:https://www.moneycontrol.com:443 "GET /india/stockpricequote/computers-software/tataconsultancyservices/TCS HTTP/1.1" 200 105183
DEBUG:urllib3.connectionpool:Starting new HTTPS connection (1): www.moneycontrol.com:443
DEBUG:urllib3.connectionpool:https://www.moneycontrol.com:443 "GET /india/stockpricequote/computers-software/tataconsultancyservices/TCS HTTP/1.1" 200 105183
DEBUG:urllib3.connectionpool:Starting new HTTPS connection (1): www.moneycontrol.com:443
DEBUG:urllib3.connectionpool:https://www.moneycontrol.com:443 "GET /india/stockpricequote/computers-software/tataconsultancyservices/TCS HTTP/1.1" 200 105183
DEBUG:urllib3.connectionpool:Starting new HTTPS connection (1): www.moneycontrol.com:443
DEBUG:urllib3.connectionpool:https://www.moneycontrol.com:443 "GET /india/stockpricequote/computers-software/tataconsultancyservices/TCS HTTP/1.1" 200 105183
DEBUG:urllib3.connectionpool:Starting new HTTPS connection (1): www.moneycontrol.com:443
DEBUG:urllib3.connectionpool:https://www.moneycontrol.com:443 "GET /india/stockpricequote/computers-software/tataconsultancyservices/TCS HTTP/1.1" 200 105183
DEBUG:urllib3.connectionpool:Starting new HTTPS connection (1): www.moneycontrol.com:443
DEBUG:urllib3.connectionpool:https://www.moneycontrol.com:443 "GET /india/stockpricequote/computers-software/tataconsultancyservices/TCS HTTP/1.1" 200 105183
DEBUG:urllib3.connectionpool:Starting new HTTPS connection (1): www.moneycontrol.com:443
DEBUG:urllib3.connectionpool:https://www.moneycontrol.com:443 "GET /india/stockpricequote/computers-software/tataconsultancyservices/TCS HTTP/1.1" 200 105183
DEBUG:urllib3.connectionpool:Starting new HTTPS connection (1): www.moneycontrol.com:443
DEBUG:urllib3.connectionpool:https://www.moneycontrol.com:443 "GET /india/stockpricequote/computers-software/tataconsultancyservices/TCS HTTP/1.1" 200 105183
DEBUG:urllib3.connectionpool:Starting new HTTPS connection (1): www.moneycontrol.com:443
DEBUG:urllib3.connectionpool:https://www.moneycontrol.com:443 "GET /india/stockpricequote/computers-software/tataconsultancyservices/TCS HTTP/1.1" 200 105183
DEBUG:urllib3.connectionpool:Starting new HTTPS connection (1): www.moneycontrol.com:443
DEBUG:urllib3.connectionpool:https://www.moneycontrol.com:443 "GET /india/stockpricequote/computers-software/tataconsultancyservices/TCS HTTP/1.1" 200 105183
DEBUG:urllib3.connectionpool:Starting new HTTPS connection (1): www.moneycontrol.com:443
DEBUG:urllib3.connectionpool:https://www.moneycontrol.com:443 "GET /india/stockpricequote/computers-software/tataconsultancyservices/TCS HTTP/1.1" 200 105183
DEBUG:urllib3.connectionpool:Starting new HTTPS connection (1): www.moneycontrol.com:443
DEBUG:urllib3.connectionpool:https://www.moneycontrol.com:443 "GET /india/stockpricequote/computers-software/tataconsultancyservices/TCS HTTP/1.1" 200 105183
DEBUG:urllib3.connectionpool:Starting new HTTPS connection (1): www.moneycontrol.com:443
DEBUG:urllib3.connectionpool:https://www.moneycontrol.com:443 "GET /india/stockpricequote/computers-software/tataconsultancyservices/TCS HTTP/1.1" 200 105183
DEBUG:urllib3.connectionpool:Starting new HTTPS connection (1): www.moneycontrol.com:443
DEBUG:urllib3.connectionpool:https://www.moneycontrol.com:443 "GET /india/stockpricequote/computers-software/tataconsultancyservices/TCS HTTP/1.1" 200 105183
DEBUG:urllib3.connectionpool:Starting new HTTPS connection (1): www.moneycontrol.com:443
DEBUG:urllib3.connectionpool:https://www.moneycontrol.com:443 "GET /india/stockpricequote/computers-software/tataconsultancyservices/TCS HTTP/1.1" 200 105183
DEBUG:urllib3.connectionpool:Starting new HTTPS connection (1): www.moneycontrol.com:443
DEBUG:urllib3.connectionpool:https://www.moneycontrol.com:443 "GET /india/stockpricequote/computers-software/tataconsultancyservices/TCS HTTP/1.1" 200 105183
DEBUG:urllib3.connectionpool:Starting new HTTPS connection (1): www.moneycontrol.com:443
DEBUG:urllib3.connectionpool:https://www.moneycontrol.com:443 "GET /india/stockpricequote/computers-software/tataconsultancyservices/TCS HTTP/1.1" 200 105183
DEBUG:urllib3.connectionpool:Starting new HTTPS connection (1): www.moneycontrol.com:443
DEBUG:urllib3.connectionpool:https://www.moneycontrol.com:443 "GET /india/stockpricequote/computers-software/tataconsultancyservices/TCS HTTP/1.1" 200 105183
DEBUG:urllib3.connectionpool:Starting new HTTPS connection (1): www.moneycontrol.com:443
DEBUG:urllib3.connectionpool:https://www.moneycontrol.com:443 "GET /india/stockpricequote/computers-software/tataconsultancyservices/TCS HTTP/1.1" 200 105183
DEBUG:urllib3.connectionpool:Starting new HTTPS connection (1): www.moneycontrol.com:443
DEBUG:urllib3.connectionpool:https://www.moneycontrol.com:443 "GET /india/stockpricequote/computers-software/tataconsultancyservices/TCS HTTP/1.1" 200 105183
DEBUG:urllib3.connectionpool:Starting new HTTPS connection (1): www.moneycontrol.com:443
DEBUG:urllib3.connectionpool:https://www.moneycontrol.com:443 "GET /india/stockpricequote/computers-software/tataconsultancyservices/TCS HTTP/1.1" 200 105183
DEBUG:urllib3.connectionpool:Starting new HTTPS connection (1): www.moneycontrol.com:443
DEBUG:urllib3.connectionpool:https://www.moneycontrol.com:443 "GET /india/stockpricequote/computers-software/tataconsultancyservices/TCS HTTP/1.1" 200 105183
DEBUG:urllib3.connectionpool:Starting new HTTPS connection (1): www.moneycontrol.com:443
DEBUG:urllib3.connectionpool:https://www.moneycontrol.com:443 "GET /india/stockpricequote/computers-software/tataconsultancyservices/TCS HTTP/1.1" 200 105183
DEBUG:urllib3.connectionpool:Starting new HTTPS connection (1): www.moneycontrol.com:443
DEBUG:urllib3.connectionpool:https://www.moneycontrol.com:443 "GET /india/stockpricequote/computers-software/tataconsultancyservices/TCS HTTP/1.1" 200 105183
DEBUG:urllib3.connectionpool:Starting new HTTPS connection (1): www.moneycontrol.com:443
DEBUG:urllib3.connectionpool:https://www.moneycontrol.com:443 "GET /india/stockpricequote/computers-software/tataconsultancyservices/TCS HTTP/1.1" 200 105183
DEBUG:urllib3.connectionpool:Starting new HTTPS connection (1): www.moneycontrol.com:443
DEBUG:urllib3.connectionpool:https://www.moneycontrol.com:443 "GET /india/stockpricequote/computers-software/tataconsultancyservices/TCS HTTP/1.1" 200 105183
DEBUG:urllib3.connectionpool:Starting new HTTPS connection (1): www.moneycontrol.com:443
DEBUG:urllib3.connectionpool:https://www.moneycontrol.com:443 "GET /india/stockpricequote/computers-software/tataconsultancyservices/TCS HTTP/1.1" 200 105183
DEBUG:urllib3.connectionpool:Starting new HTTPS connection (1): www.moneycontrol.com:443
DEBUG:urllib3.connectionpool:https://www.moneycontrol.com:443 "GET /india/stockpricequote/computers-software/tataconsultancyservices/TCS HTTP/1.1" 200 105183
DEBUG:urllib3.connectionpool:Starting new HTTPS connection (1): www.moneycontrol.com:443
DEBUG:urllib3.connectionpool:https://www.moneycontrol.com:443 "GET /india/stockpricequote/computers-software/tataconsultancyservices/TCS HTTP/1.1" 200 105183
DEBUG:urllib3.connectionpool:Starting new HTTPS connection (1): www.moneycontrol.com:443
DEBUG:urllib3.connectionpool:https://www.moneycontrol.com:443 "GET /india/stockpricequote/computers-software/tataconsultancyservices/TCS HTTP/1.1" 200 88942
DEBUG:urllib3.connectionpool:Starting new HTTPS connection (1): www.moneycontrol.com:443
DEBUG:urllib3.connectionpool:https://www.moneycontrol.com:443 "GET /india/stockpricequote/computers-software/tataconsultancyservices/TCS HTTP/1.1" 200 88942
DEBUG:urllib3.connectionpool:Starting new HTTPS connection (1): www.moneycontrol.com:443
DEBUG:urllib3.connectionpool:https://www.moneycontrol.com:443 "GET /india/stockpricequote/computers-software/tataconsultancyservices/TCS HTTP/1.1" 200 88942
DEBUG:urllib3.connectionpool:Starting new HTTPS connection (1): www.moneycontrol.com:443
DEBUG:urllib3.connectionpool:https://www.moneycontrol.com:443 "GET /india/stockpricequote/computers-software/tataconsultancyservices/TCS HTTP/1.1" 200 88942
DEBUG:urllib3.connectionpool:Starting new HTTPS connection (1): www.moneycontrol.com:443
DEBUG:urllib3.connectionpool:https://www.moneycontrol.com:443 "GET /india/stockpricequote/computers-software/tataconsultancyservices/TCS HTTP/1.1" 200 88860
DEBUG:urllib3.connectionpool:Starting new HTTPS connection (1): www.moneycontrol.com:443
DEBUG:urllib3.connectionpool:https://www.moneycontrol.com:443 "GET /india/stockpricequote/computers-software/tataconsultancyservices/TCS HTTP/1.1" 200 89112
DEBUG:urllib3.connectionpool:Starting new HTTPS connection (1): www.moneycontrol.com:443
DEBUG:urllib3.connectionpool:https://www.moneycontrol.com:443 "GET /india/stockpricequote/computers-software/tataconsultancyservices/TCS HTTP/1.1" 200 89112
DEBUG:urllib3.connectionpool:Starting new HTTPS connection (1): www.moneycontrol.com:443
DEBUG:urllib3.connectionpool:https://www.moneycontrol.com:443 "GET /india/stockpricequote/computers-software/tataconsultancyservices/TCS HTTP/1.1" 200 89112
DEBUG:urllib3.connectionpool:Starting new HTTPS connection (1): www.moneycontrol.com:443
DEBUG:urllib3.connectionpool:https://www.moneycontrol.com:443 "GET /india/stockpricequote/computers-software/tataconsultancyservices/TCS HTTP/1.1" 200 105195
DEBUG:urllib3.connectionpool:Starting new HTTPS connection (1): www.moneycontrol.com:443
DEBUG:urllib3.connectionpool:https://www.moneycontrol.com:443 "GET /india/stockpricequote/computers-software/tataconsultancyservices/TCS HTTP/1.1" 200 105195
DEBUG:urllib3.connectionpool:Starting new HTTPS connection (1): www.moneycontrol.com:443
DEBUG:urllib3.connectionpool:https://www.moneycontrol.com:443 "GET /india/stockpricequote/computers-software/tataconsultancyservices/TCS HTTP/1.1" 200 105195
DEBUG:urllib3.connectionpool:Starting new HTTPS connection (1): www.moneycontrol.com:443
DEBUG:urllib3.connectionpool:https://www.moneycontrol.com:443 "GET /india/stockpricequote/computers-software/tataconsultancyservices/TCS HTTP/1.1" 200 105195
DEBUG:urllib3.connectionpool:Starting new HTTPS connection (1): www.moneycontrol.com:443
DEBUG:urllib3.connectionpool:https://www.moneycontrol.com:443 "GET /india/stockpricequote/computers-software/tataconsultancyservices/TCS HTTP/1.1" 200 105195
DEBUG:urllib3.connectionpool:Starting new HTTPS connection (1): www.moneycontrol.com:443
DEBUG:urllib3.connectionpool:https://www.moneycontrol.com:443 "GET /india/stockpricequote/computers-software/tataconsultancyservices/TCS HTTP/1.1" 200 105195
DEBUG:urllib3.connectionpool:Starting new HTTPS connection (1): www.moneycontrol.com:443
DEBUG:urllib3.connectionpool:https://www.moneycontrol.com:443 "GET /india/stockpricequote/computers-software/tataconsultancyservices/TCS HTTP/1.1" 200 89112
DEBUG:urllib3.connectionpool:Starting new HTTPS connection (1): www.moneycontrol.com:443
DEBUG:urllib3.connectionpool:https://www.moneycontrol.com:443 "GET /india/stockpricequote/computers-software/tataconsultancyservices/TCS HTTP/1.1" 200 89112
DEBUG:urllib3.connectionpool:Starting new HTTPS connection (1): www.moneycontrol.com:443
DEBUG:urllib3.connectionpool:https://www.moneycontrol.com:443 "GET /india/stockpricequote/computers-software/tataconsultancyservices/TCS HTTP/1.1" 200 89112
DEBUG:urllib3.connectionpool:Starting new HTTPS connection (1): www.moneycontrol.com:443
DEBUG:urllib3.connectionpool:https://www.moneycontrol.com:443 "GET /india/stockpricequote/computers-software/tataconsultancyservices/TCS HTTP/1.1" 200 89112
DEBUG:urllib3.connectionpool:Starting new HTTPS connection (1): www.moneycontrol.com:443
DEBUG:urllib3.connectionpool:https://www.moneycontrol.com:443 "GET /india/stockpricequote/computers-software/tataconsultancyservices/TCS HTTP/1.1" 200 89112
DEBUG:urllib3.connectionpool:Starting new HTTPS connection (1): www.moneycontrol.com:443
DEBUG:urllib3.connectionpool:Starting new HTTPS connection (1): www.moneycontrol.com:443
DEBUG:urllib3.connectionpool:https://www.moneycontrol.com:443 "GET /india/stockpricequote/computers-software/tataconsultancyservices/TCS HTTP/1.1" 200 89112
DEBUG:urllib3.connectionpool:Starting new HTTPS connection (1): www.moneycontrol.com:443
DEBUG:urllib3.connectionpool:Starting new HTTPS connection (1): www.moneycontrol.com:443
DEBUG:urllib3.connectionpool:https://www.moneycontrol.com:443 "GET /india/stockpricequote/computers-software/tataconsultancyservices/TCS HTTP/1.1" 200 105286
DEBUG:urllib3.connectionpool:Starting new HTTPS connection (1): www.moneycontrol.com:443
DEBUG:urllib3.connectionpool:https://www.moneycontrol.com:443 "GET /india/stockpricequote/computers-software/tataconsultancyservices/TCS HTTP/1.1" 200 105286
DEBUG:urllib3.connectionpool:Starting new HTTPS connection (1): www.moneycontrol.com:443
DEBUG:urllib3.connectionpool:https://www.moneycontrol.com:443 "GET /india/stockpricequote/computers-software/tataconsultancyservices/TCS HTTP/1.1" 200 105286
DEBUG:urllib3.connectionpool:Starting new HTTPS connection (1): www.moneycontrol.com:443
DEBUG:urllib3.connectionpool:https://www.moneycontrol.com:443 "GET /india/stockpricequote/computers-software/tataconsultancyservices/TCS HTTP/1.1" 200 105286
DEBUG:urllib3.connectionpool:Starting new HTTPS connection (1): www.moneycontrol.com:443
DEBUG:urllib3.connectionpool:https://www.moneycontrol.com:443 "GET /india/stockpricequote/computers-software/tataconsultancyservices/TCS HTTP/1.1" 200 105286
DEBUG:urllib3.connectionpool:Starting new HTTPS connection (1): www.moneycontrol.com:443
DEBUG:urllib3.connectionpool:https://www.moneycontrol.com:443 "GET /india/stockpricequote/computers-software/tataconsultancyservices/TCS HTTP/1.1" 200 105286
DEBUG:urllib3.connectionpool:Starting new HTTPS connection (1): www.moneycontrol.com:443
DEBUG:urllib3.connectionpool:https://www.moneycontrol.com:443 "GET /india/stockpricequote/computers-software/tataconsultancyservices/TCS HTTP/1.1" 200 105286
DEBUG:urllib3.connectionpool:Starting new HTTPS connection (1): www.moneycontrol.com:443
DEBUG:urllib3.connectionpool:https://www.moneycontrol.com:443 "GET /india/stockpricequote/computers-software/tataconsultancyservices/TCS HTTP/1.1" 200 105286
DEBUG:urllib3.connectionpool:Starting new HTTPS connection (1): www.moneycontrol.com:443
DEBUG:urllib3.connectionpool:https://www.moneycontrol.com:443 "GET /india/stockpricequote/computers-software/tataconsultancyservices/TCS HTTP/1.1" 200 105286
DEBUG:urllib3.connectionpool:Starting new HTTPS connection (1): www.moneycontrol.com:443
DEBUG:urllib3.connectionpool:https://www.moneycontrol.com:443 "GET /india/stockpricequote/computers-software/tataconsultancyservices/TCS HTTP/1.1" 200 105286
DEBUG:urllib3.connectionpool:Starting new HTTPS connection (1): www.moneycontrol.com:443
DEBUG:urllib3.connectionpool:https://www.moneycontrol.com:443 "GET /india/stockpricequote/computers-software/tataconsultancyservices/TCS HTTP/1.1" 200 105286
DEBUG:urllib3.connectionpool:Starting new HTTPS connection (1): www.moneycontrol.com:443
DEBUG:urllib3.connectionpool:https://www.moneycontrol.com:443 "GET /india/stockpricequote/computers-software/tataconsultancyservices/TCS HTTP/1.1" 200 105286
DEBUG:urllib3.connectionpool:Starting new HTTPS connection (1): www.moneycontrol.com:443
DEBUG:urllib3.connectionpool:https://www.moneycontrol.com:443 "GET /india/stockpricequote/computers-software/tataconsultancyservices/TCS HTTP/1.1" 200 105286
DEBUG:urllib3.connectionpool:Starting new HTTPS connection (1): www.moneycontrol.com:443
DEBUG:urllib3.connectionpool:https://www.moneycontrol.com:443 "GET /india/stockpricequote/computers-software/tataconsultancyservices/TCS HTTP/1.1" 200 105286
DEBUG:urllib3.connectionpool:Starting new HTTPS connection (1): www.moneycontrol.com:443
DEBUG:urllib3.connectionpool:https://www.moneycontrol.com:443 "GET /india/stockpricequote/computers-software/tataconsultancyservices/TCS HTTP/1.1" 200 105286
DEBUG:urllib3.connectionpool:Starting new HTTPS connection (1): www.moneycontrol.com:443
DEBUG:urllib3.connectionpool:https://www.moneycontrol.com:443 "GET /india/stockpricequote/computers-software/tataconsultancyservices/TCS HTTP/1.1" 200 105286
DEBUG:urllib3.connectionpool:Starting new HTTPS connection (1): www.moneycontrol.com:443
DEBUG:urllib3.connectionpool:https://www.moneycontrol.com:443 "GET /india/stockpricequote/computers-software/tataconsultancyservices/TCS HTTP/1.1" 200 105286
DEBUG:urllib3.connectionpool:Starting new HTTPS connection (1): www.moneycontrol.com:443
DEBUG:urllib3.connectionpool:https://www.moneycontrol.com:443 "GET /india/stockpricequote/computers-software/tataconsultancyservices/TCS HTTP/1.1" 200 105286
DEBUG:urllib3.connectionpool:Starting new HTTPS connection (1): www.moneycontrol.com:443
DEBUG:urllib3.connectionpool:https://www.moneycontrol.com:443 "GET /india/stockpricequote/computers-software/tataconsultancyservices/TCS HTTP/1.1" 200 105286
DEBUG:urllib3.connectionpool:Starting new HTTPS connection (1): www.moneycontrol.com:443
DEBUG:urllib3.connectionpool:https://www.moneycontrol.com:443 "GET /india/stockpricequote/computers-software/tataconsultancyservices/TCS HTTP/1.1" 200 105286
DEBUG:urllib3.connectionpool:Starting new HTTPS connection (1): www.moneycontrol.com:443
DEBUG:urllib3.connectionpool:https://www.moneycontrol.com:443 "GET /india/stockpricequote/computers-software/tataconsultancyservices/TCS HTTP/1.1" 200 105286
DEBUG:urllib3.connectionpool:Starting new HTTPS connection (1): www.moneycontrol.com:443
DEBUG:urllib3.connectionpool:https://www.moneycontrol.com:443 "GET /india/stockpricequote/computers-software/tataconsultancyservices/TCS HTTP/1.1" 200 105286
DEBUG:urllib3.connectionpool:Starting new HTTPS connection (1): www.moneycontrol.com:443
DEBUG:urllib3.connectionpool:https://www.moneycontrol.com:443 "GET /india/stockpricequote/computers-software/tataconsultancyservices/TCS HTTP/1.1" 200 105286
DEBUG:urllib3.connectionpool:Starting new HTTPS connection (1): www.moneycontrol.com:443
DEBUG:urllib3.connectionpool:https://www.moneycontrol.com:443 "GET /india/stockpricequote/computers-software/tataconsultancyservices/TCS HTTP/1.1" 200 105286
DEBUG:urllib3.connectionpool:Starting new HTTPS connection (1): www.moneycontrol.com:443
DEBUG:urllib3.connectionpool:https://www.moneycontrol.com:443 "GET /india/stockpricequote/computers-software/tataconsultancyservices/TCS HTTP/1.1" 200 105286
DEBUG:urllib3.connectionpool:Starting new HTTPS connection (1): www.moneycontrol.com:443
DEBUG:urllib3.connectionpool:https://www.moneycontrol.com:443 "GET /india/stockpricequote/computers-software/tataconsultancyservices/TCS HTTP/1.1" 200 105286
DEBUG:urllib3.connectionpool:Starting new HTTPS connection (1): www.moneycontrol.com:443
DEBUG:urllib3.connectionpool:https://www.moneycontrol.com:443 "GET /india/stockpricequote/computers-software/tataconsultancyservices/TCS HTTP/1.1" 200 105286
DEBUG:urllib3.connectionpool:Starting new HTTPS connection (1): www.moneycontrol.com:443
DEBUG:urllib3.connectionpool:https://www.moneycontrol.com:443 "GET /india/stockpricequote/computers-software/tataconsultancyservices/TCS HTTP/1.1" 200 105286
DEBUG:urllib3.connectionpool:Starting new HTTPS connection (1): www.moneycontrol.com:443
DEBUG:urllib3.connectionpool:https://www.moneycontrol.com:443 "GET /india/stockpricequote/computers-software/tataconsultancyservices/TCS HTTP/1.1" 200 105286
DEBUG:urllib3.connectionpool:Starting new HTTPS connection (1): www.moneycontrol.com:443
DEBUG:urllib3.connectionpool:https://www.moneycontrol.com:443 "GET /india/stockpricequote/computers-software/tataconsultancyservices/TCS HTTP/1.1" 200 105286
DEBUG:urllib3.connectionpool:Starting new HTTPS connection (1): www.moneycontrol.com:443
DEBUG:urllib3.connectionpool:https://www.moneycontrol.com:443 "GET /india/stockpricequote/computers-software/tataconsultancyservices/TCS HTTP/1.1" 200 105286
DEBUG:urllib3.connectionpool:Starting new HTTPS connection (1): www.moneycontrol.com:443
DEBUG:urllib3.connectionpool:https://www.moneycontrol.com:443 "GET /india/stockpricequote/computers-software/tataconsultancyservices/TCS HTTP/1.1" 200 105286
DEBUG:urllib3.connectionpool:Starting new HTTPS connection (1): www.moneycontrol.com:443
DEBUG:urllib3.connectionpool:https://www.moneycontrol.com:443 "GET /india/stockpricequote/computers-software/tataconsultancyservices/TCS HTTP/1.1" 200 105307
DEBUG:urllib3.connectionpool:Starting new HTTPS connection (1): www.moneycontrol.com:443
DEBUG:urllib3.connectionpool:https://www.moneycontrol.com:443 "GET /india/stockpricequote/computers-software/tataconsultancyservices/TCS HTTP/1.1" 200 105307
DEBUG:urllib3.connectionpool:Starting new HTTPS connection (1): www.moneycontrol.com:443
DEBUG:urllib3.connectionpool:https://www.moneycontrol.com:443 "GET /india/stockpricequote/computers-software/tataconsultancyservices/TCS HTTP/1.1" 200 105307
DEBUG:urllib3.connectionpool:Starting new HTTPS connection (1): www.moneycontrol.com:443
DEBUG:urllib3.connectionpool:https://www.moneycontrol.com:443 "GET /india/stockpricequote/computers-software/tataconsultancyservices/TCS HTTP/1.1" 200 105307
DEBUG:urllib3.connectionpool:Starting new HTTPS connection (1): www.moneycontrol.com:443
DEBUG:urllib3.connectionpool:https://www.moneycontrol.com:443 "GET /india/stockpricequote/computers-software/tataconsultancyservices/TCS HTTP/1.1" 200 105307
DEBUG:urllib3.connectionpool:Starting new HTTPS connection (1): www.moneycontrol.com:443
DEBUG:urllib3.connectionpool:https://www.moneycontrol.com:443 "GET /india/stockpricequote/computers-software/tataconsultancyservices/TCS HTTP/1.1" 200 105307
DEBUG:urllib3.connectionpool:Starting new HTTPS connection (1): www.moneycontrol.com:443
DEBUG:urllib3.connectionpool:https://www.moneycontrol.com:443 "GET /india/stockpricequote/computers-software/tataconsultancyservices/TCS HTTP/1.1" 200 105307
DEBUG:urllib3.connectionpool:Starting new HTTPS connection (1): www.moneycontrol.com:443
DEBUG:urllib3.connectionpool:https://www.moneycontrol.com:443 "GET /india/stockpricequote/computers-software/tataconsultancyservices/TCS HTTP/1.1" 200 105307
DEBUG:urllib3.connectionpool:Starting new HTTPS connection (1): www.moneycontrol.com:443
DEBUG:urllib3.connectionpool:https://www.moneycontrol.com:443 "GET /india/stockpricequote/computers-software/tataconsultancyservices/TCS HTTP/1.1" 200 105307
DEBUG:urllib3.connectionpool:Starting new HTTPS connection (1): www.moneycontrol.com:443
DEBUG:urllib3.connectionpool:https://www.moneycontrol.com:443 "GET /india/stockpricequote/computers-software/tataconsultancyservices/TCS HTTP/1.1" 200 105307
DEBUG:urllib3.connectionpool:Starting new HTTPS connection (1): www.moneycontrol.com:443
DEBUG:urllib3.connectionpool:https://www.moneycontrol.com:443 "GET /india/stockpricequote/computers-software/tataconsultancyservices/TCS HTTP/1.1" 200 105307
DEBUG:urllib3.connectionpool:Starting new HTTPS connection (1): www.moneycontrol.com:443
DEBUG:urllib3.connectionpool:https://www.moneycontrol.com:443 "GET /india/stockpricequote/computers-software/tataconsultancyservices/TCS HTTP/1.1" 200 105307
DEBUG:urllib3.connectionpool:Starting new HTTPS connection (1): www.moneycontrol.com:443
DEBUG:urllib3.connectionpool:https://www.moneycontrol.com:443 "GET /india/stockpricequote/computers-software/tataconsultancyservices/TCS HTTP/1.1" 200 105307
DEBUG:urllib3.connectionpool:Starting new HTTPS connection (1): www.moneycontrol.com:443
DEBUG:urllib3.connectionpool:https://www.moneycontrol.com:443 "GET /india/stockpricequote/computers-software/tataconsultancyservices/TCS HTTP/1.1" 200 105307
DEBUG:urllib3.connectionpool:Starting new HTTPS connection (1): www.moneycontrol.com:443
DEBUG:urllib3.connectionpool:https://www.moneycontrol.com:443 "GET /india/stockpricequote/computers-software/tataconsultancyservices/TCS HTTP/1.1" 200 105307
DEBUG:urllib3.connectionpool:Starting new HTTPS connection (1): www.moneycontrol.com:443
DEBUG:urllib3.connectionpool:https://www.moneycontrol.com:443 "GET /india/stockpricequote/computers-software/tataconsultancyservices/TCS HTTP/1.1" 200 105307
DEBUG:urllib3.connectionpool:Starting new HTTPS connection (1): www.moneycontrol.com:443
DEBUG:urllib3.connectionpool:https://www.moneycontrol.com:443 "GET /india/stockpricequote/computers-software/tataconsultancyservices/TCS HTTP/1.1" 200 105307
DEBUG:urllib3.connectionpool:Starting new HTTPS connection (1): www.moneycontrol.com:443
DEBUG:urllib3.connectionpool:https://www.moneycontrol.com:443 "GET /india/stockpricequote/computers-software/tataconsultancyservices/TCS HTTP/1.1" 200 105307
DEBUG:urllib3.connectionpool:Starting new HTTPS connection (1): www.moneycontrol.com:443
DEBUG:urllib3.connectionpool:https://www.moneycontrol.com:443 "GET /india/stockpricequote/computers-software/tataconsultancyservices/TCS HTTP/1.1" 200 105307
DEBUG:urllib3.connectionpool:Starting new HTTPS connection (1): www.moneycontrol.com:443
DEBUG:urllib3.connectionpool:https://www.moneycontrol.com:443 "GET /india/stockpricequote/computers-software/tataconsultancyservices/TCS HTTP/1.1" 200 105307
DEBUG:urllib3.connectionpool:Starting new HTTPS connection (1): www.moneycontrol.com:443
DEBUG:urllib3.connectionpool:https://www.moneycontrol.com:443 "GET /india/stockpricequote/computers-software/tataconsultancyservices/TCS HTTP/1.1" 200 105307
DEBUG:urllib3.connectionpool:Starting new HTTPS connection (1): www.moneycontrol.com:443
DEBUG:urllib3.connectionpool:https://www.moneycontrol.com:443 "GET /india/stockpricequote/computers-software/tataconsultancyservices/TCS HTTP/1.1" 200 105307
DEBUG:urllib3.connectionpool:Starting new HTTPS connection (1): www.moneycontrol.com:443
DEBUG:urllib3.connectionpool:https://www.moneycontrol.com:443 "GET /india/stockpricequote/computers-software/tataconsultancyservices/TCS HTTP/1.1" 200 105307
DEBUG:urllib3.connectionpool:Starting new HTTPS connection (1): www.moneycontrol.com:443
DEBUG:urllib3.connectionpool:https://www.moneycontrol.com:443 "GET /india/stockpricequote/computers-software/tataconsultancyservices/TCS HTTP/1.1" 200 105307
DEBUG:urllib3.connectionpool:Starting new HTTPS connection (1): www.moneycontrol.com:443
DEBUG:urllib3.connectionpool:Starting new HTTPS connection (1): www.moneycontrol.com:443
DEBUG:urllib3.connectionpool:https://www.moneycontrol.com:443 "GET /india/stockpricequote/computers-software/tataconsultancyservices/TCS HTTP/1.1" 200 105307
DEBUG:urllib3.connectionpool:Starting new HTTPS connection (1): www.moneycontrol.com:443
DEBUG:urllib3.connectionpool:https://www.moneycontrol.com:443 "GET /india/stockpricequote/computers-software/tataconsultancyservices/TCS HTTP/1.1" 200 105307
DEBUG:urllib3.connectionpool:Starting new HTTPS connection (1): www.moneycontrol.com:443
DEBUG:urllib3.connectionpool:https://www.moneycontrol.com:443 "GET /india/stockpricequote/computers-software/tataconsultancyservices/TCS HTTP/1.1" 200 105307
DEBUG:urllib3.connectionpool:Starting new HTTPS connection (1): www.moneycontrol.com:443
DEBUG:urllib3.connectionpool:https://www.moneycontrol.com:443 "GET /india/stockpricequote/computers-software/tataconsultancyservices/TCS HTTP/1.1" 200 105307
DEBUG:urllib3.connectionpool:Starting new HTTPS connection (1): www.moneycontrol.com:443
DEBUG:urllib3.connectionpool:https://www.moneycontrol.com:443 "GET /india/stockpricequote/computers-software/tataconsultancyservices/TCS HTTP/1.1" 200 105307
DEBUG:urllib3.connectionpool:Starting new HTTPS connection (1): www.moneycontrol.com:443
DEBUG:urllib3.connectionpool:https://www.moneycontrol.com:443 "GET /india/stockpricequote/computers-software/tataconsultancyservices/TCS HTTP/1.1" 200 105307
INFO:werkzeug: * Running on http://127.0.0.1:5000/ (Press CTRL+C to quit)
INFO:werkzeug:127.0.0.1 - - [03/May/2019 15:45:09] "GET / HTTP/1.1" 200 -
INFO:werkzeug:127.0.0.1 - - [03/May/2019 15:45:10] "GET /favicon.ico HTTP/1.1" 404 -
DEBUG:urllib3.connectionpool:Starting new HTTPS connection (1): www.moneycontrol.com:443
DEBUG:urllib3.connectionpool:https://www.moneycontrol.com:443 "GET /india/stockpricequote/computers-software/tataconsultancyservices/TCS HTTP/1.1" 200 105307
DEBUG:urllib3.connectionpool:Starting new HTTPS connection (1): www.moneycontrol.com:443
DEBUG:urllib3.connectionpool:https://www.moneycontrol.com:443 "GET /india/stockpricequote/computers-software/tataconsultancyservices/TCS HTTP/1.1" 200 105307
DEBUG:urllib3.connectionpool:Starting new HTTPS connection (1): www.moneycontrol.com:443
DEBUG:urllib3.connectionpool:https://www.moneycontrol.com:443 "GET /india/stockpricequote/computers-software/tataconsultancyservices/TCS HTTP/1.1" 200 105307
DEBUG:urllib3.connectionpool:Starting new HTTPS connection (1): www.moneycontrol.com:443
DEBUG:urllib3.connectionpool:https://www.moneycontrol.com:443 "GET /india/stockpricequote/computers-software/tataconsultancyservices/TCS HTTP/1.1" 200 105307
DEBUG:urllib3.connectionpool:Starting new HTTPS connection (1): www.moneycontrol.com:443
DEBUG:urllib3.connectionpool:https://www.moneycontrol.com:443 "GET /india/stockpricequote/computers-software/tataconsultancyservices/TCS HTTP/1.1" 200 105307
DEBUG:urllib3.connectionpool:Starting new HTTPS connection (1): www.moneycontrol.com:443
DEBUG:urllib3.connectionpool:https://www.moneycontrol.com:443 "GET /india/stockpricequote/computers-software/tataconsultancyservices/TCS HTTP/1.1" 200 105307
DEBUG:urllib3.connectionpool:Starting new HTTPS connection (1): www.moneycontrol.com:443
DEBUG:urllib3.connectionpool:https://www.moneycontrol.com:443 "GET /india/stockpricequote/computers-software/tataconsultancyservices/TCS HTTP/1.1" 200 105307
DEBUG:urllib3.connectionpool:Starting new HTTPS connection (1): www.moneycontrol.com:443
DEBUG:urllib3.connectionpool:https://www.moneycontrol.com:443 "GET /india/stockpricequote/computers-software/tataconsultancyservices/TCS HTTP/1.1" 200 105307
